Starting...
Starting...
Counselor version: 701
Commons version: 3,822
Creating new config file
Starting...
Counselor version: 701
Commons version: 3,824
Starting...
Counselor version: 701
Commons version: 3,824
AutoLoading ... Opening:C:\Clash\counselorfx\game_88_20.rr.egf
XPP3 pull parser library not present. Specify another driver. For example: new XStream(new DomDriver())
business.BussinessException: XPP3 pull parser library not present. Specify another driver. For example: new XStream(new DomDriver())
Starting...
Counselor version: 701
Commons version: 3,826
AutoLoading ... Opening:C:\Clash\counselorfx\game_88_20.rr.egf
Starting...
Counselor version: 701
Commons version: 3,826
AutoLoading ... Opening:C:\Clash\counselorfx\game_88_20.rr.egf
Starting...
Counselor version: 701
Commons version: 3,828
AutoLoading ... Opening:C:\Clash\counselorfx\game_88_20.rr.egf
Starting...
Counselor version: 701
Commons version: 3,828
AutoLoading ... Opening:C:\Clash\counselorfx\game_88_20.rr.egf
Starting...
Counselor version: 701
Commons version: 3,830
AutoLoading ... Opening:C:\Clash\counselorfx\game_88_20.rr.egf
Starting...
Counselor version: 701
Commons version: 3,830
AutoLoading ... Opening:C:\Clash\counselorfx\game_88_20.rr.egf
Starting...
Counselor version: 701
Commons version: 3,832
AutoLoading ... Opening:C:\Clash\counselorfx\game_88_20.rr.egf
Starting...
Counselor version: 701
Commons version: 3,832
AutoLoading ... Opening:C:\Clash\counselorfx\game_88_20.rr.egf
Starting...
Counselor version: 701
Commons version: 3,834
AutoLoading ... Opening:C:\Clash\counselorfx\game_88_20.rr.egf
Starting...
Counselor version: 701
Commons version: 3,834
AutoLoading ... Opening:C:\Clash\counselorfx\game_88_20.rr.egf
Starting...
Counselor version: 701
Commons version: 3,836
AutoLoading ... Opening:C:\Clash\counselorfx\game_88_20.rr.egf
Starting...
Counselor version: 701
Commons version: 3,836
AutoLoading ... Opening:C:\Clash\counselorfx\game_88_20.rr.egf
Starting...
Counselor version: 701
Commons version: 3,838
AutoLoading ... Opening:C:\Clash\counselorfx\game_88_20.rr.egf
Starting...
Counselor version: 701
Commons version: 3,838
AutoLoading ... Opening:C:\Clash\counselorfx\game_88_20.rr.egf
Starting...
Counselor version: 701
Commons version: 3,840
AutoLoading ... Opening:C:\Clash\counselorfx\game_88_20.rr.egf
Starting...
Counselor version: 701
Commons version: 3,840
AutoLoading ... Opening:C:\Clash\counselorfx\game_88_20.rr.egf
Starting...
Counselor version: 701
Commons version: 3,842
AutoLoading ... Opening:C:\Clash\counselorfx\game_88_20.rr.egf
Starting...
Counselor version: 701
Commons version: 3,842
AutoLoading ... Opening:C:\Clash\counselorfx\game_88_20.rr.egf
Starting...
Counselor version: 701
Commons version: 3,844
AutoLoading ... Opening:C:\Clash\counselorfx\game_88_20.rr.egf
Starting...
Counselor version: 701
Commons version: 3,844
AutoLoading ... Opening:C:\Clash\counselorfx\game_88_20.rr.egf
Starting...
Counselor version: 701
Commons version: 3,846
AutoLoading ... Opening:C:\Clash\counselorfx\game_88_20.rr.egf
